0 verbose cli /usr/local/bin/node /usr/local/bin/npm
1 info using npm@8.6.0
2 info using node@v18.0.0
3 timing npm:load:whichnode Completed in 0ms
4 timing config:load:defaults Completed in 1ms
5 timing config:load:file:/usr/local/lib/node_modules/npm/npmrc Completed in 2ms
6 timing config:load:builtin Completed in 3ms
7 timing config:load:cli Completed in 1ms
8 timing config:load:env Completed in 1ms
9 timing config:load:project Completed in 3ms
10 timing config:load:file:/home/node/.npmrc Completed in 0ms
11 timing config:load:user Completed in 0ms
12 timing config:load:file:/usr/local/etc/npmrc Completed in 0ms
13 timing config:load:global Completed in 0ms
14 timing config:load:validate Completed in 1ms
15 timing config:load:credentials Completed in 0ms
16 timing config:load:setEnvs Completed in 1ms
17 timing config:load Completed in 12ms
18 timing npm:load:configload Completed in 12ms
19 timing npm:load:mkdirpcache Completed in 4ms
20 timing npm:load:mkdirplogs Completed in 2ms
21 verbose title npm install
22 verbose argv "install"
23 timing npm:load:setTitle Completed in 0ms
24 timing config:load:flatten Completed in 2ms
25 timing npm:load:display Completed in 3ms
26 verbose logfile logs-max:10 dir:/home/node/.npm/_logs
27 verbose logfile /home/node/.npm/_logs/2023-02-28T11_14_18_820Z-debug-0.log
28 timing npm:load:logFile Completed in 15ms
29 timing npm:load:timers Completed in 0ms
30 timing npm:load:configScope Completed in 0ms
31 timing npm:load Completed in 38ms
32 timing arborist:ctor Completed in 1ms
33 silly logfile done cleaning log files
34 timing idealTree:init Completed in 33ms
35 timing idealTree:userRequests Completed in 1ms
36 silly idealTree buildDeps
37 timing idealTree:#root Completed in 0ms
38 timing idealTree:buildDeps Completed in 2ms
39 timing idealTree:fixDepFlags Completed in 0ms
40 timing idealTree Completed in 41ms
41 timing reify:loadTrees Completed in 44ms
42 timing reify:diffTrees Completed in 1ms
43 silly reify moves {}
44 timing reify:retireShallow Completed in 1ms
45 timing reify:createSparse Completed in 94ms
46 timing reify:loadBundles Completed in 0ms
47 silly audit bulk request {
47 silly audit   '@esbuild/android-arm': [ '0.15.9' ],
47 silly audit   '@esbuild/linux-loong64': [ '0.15.9' ],
47 silly audit   esbuild: [ '0.15.9' ],
47 silly audit   'esbuild-android-64': [ '0.15.9' ],
47 silly audit   'esbuild-android-arm64': [ '0.15.9' ],
47 silly audit   'esbuild-darwin-64': [ '0.15.9' ],
47 silly audit   'esbuild-darwin-arm64': [ '0.15.9' ],
47 silly audit   'esbuild-freebsd-64': [ '0.15.9' ],
47 silly audit   'esbuild-freebsd-arm64': [ '0.15.9' ],
47 silly audit   'esbuild-linux-32': [ '0.15.9' ],
47 silly audit   'esbuild-linux-64': [ '0.15.9' ],
47 silly audit   'esbuild-linux-arm': [ '0.15.9' ],
47 silly audit   'esbuild-linux-arm64': [ '0.15.9' ],
47 silly audit   'esbuild-linux-mips64le': [ '0.15.9' ],
47 silly audit   'esbuild-linux-ppc64le': [ '0.15.9' ],
47 silly audit   'esbuild-linux-riscv64': [ '0.15.9' ],
47 silly audit   'esbuild-linux-s390x': [ '0.15.9' ],
47 silly audit   'esbuild-netbsd-64': [ '0.15.9' ],
47 silly audit   'esbuild-openbsd-64': [ '0.15.9' ],
47 silly audit   'esbuild-sunos-64': [ '0.15.9' ],
47 silly audit   'esbuild-windows-32': [ '0.15.9' ],
47 silly audit   'esbuild-windows-64': [ '0.15.9' ],
47 silly audit   'esbuild-windows-arm64': [ '0.15.9' ],
47 silly audit   fsevents: [ '2.3.2' ],
47 silly audit   'function-bind': [ '1.1.1' ],
47 silly audit   has: [ '1.0.3' ],
47 silly audit   'is-core-module': [ '2.10.0' ],
47 silly audit   nanoid: [ '3.3.4' ],
47 silly audit   'path-parse': [ '1.0.7' ],
47 silly audit   picocolors: [ '1.0.0' ],
47 silly audit   postcss: [ '8.4.16' ],
47 silly audit   resolve: [ '1.22.1' ],
47 silly audit   rollup: [ '2.78.1' ],
47 silly audit   'source-map-js': [ '1.0.2' ],
47 silly audit   'supports-preserve-symlinks-flag': [ '1.0.0' ],
47 silly audit   vite: [ '3.1.3' ]
47 silly audit }
48 verbose reify failed optional dependency /home/node/node_modules/fsevents
49 silly reify mark deleted [ '/home/node/node_modules/fsevents' ]
50 verbose reify failed optional dependency /home/node/node_modules/esbuild-windows-arm64
51 silly reify mark deleted [ '/home/node/node_modules/esbuild-windows-arm64' ]
52 verbose reify failed optional dependency /home/node/node_modules/esbuild-windows-64
53 silly reify mark deleted [ '/home/node/node_modules/esbuild-windows-64' ]
54 verbose reify failed optional dependency /home/node/node_modules/esbuild-windows-32
55 silly reify mark deleted [ '/home/node/node_modules/esbuild-windows-32' ]
56 verbose reify failed optional dependency /home/node/node_modules/esbuild-sunos-64
57 silly reify mark deleted [ '/home/node/node_modules/esbuild-sunos-64' ]
58 verbose reify failed optional dependency /home/node/node_modules/esbuild-openbsd-64
59 silly reify mark deleted [ '/home/node/node_modules/esbuild-openbsd-64' ]
60 verbose reify failed optional dependency /home/node/node_modules/esbuild-netbsd-64
61 silly reify mark deleted [ '/home/node/node_modules/esbuild-netbsd-64' ]
62 verbose reify failed optional dependency /home/node/node_modules/esbuild-linux-s390x
63 silly reify mark deleted [ '/home/node/node_modules/esbuild-linux-s390x' ]
64 verbose reify failed optional dependency /home/node/node_modules/esbuild-linux-riscv64
65 silly reify mark deleted [ '/home/node/node_modules/esbuild-linux-riscv64' ]
66 verbose reify failed optional dependency /home/node/node_modules/esbuild-linux-ppc64le
67 silly reify mark deleted [ '/home/node/node_modules/esbuild-linux-ppc64le' ]
68 verbose reify failed optional dependency /home/node/node_modules/esbuild-linux-mips64le
69 silly reify mark deleted [ '/home/node/node_modules/esbuild-linux-mips64le' ]
70 verbose reify failed optional dependency /home/node/node_modules/esbuild-linux-arm
71 silly reify mark deleted [ '/home/node/node_modules/esbuild-linux-arm' ]
72 verbose reify failed optional dependency /home/node/node_modules/esbuild-linux-64
73 silly reify mark deleted [ '/home/node/node_modules/esbuild-linux-64' ]
74 verbose reify failed optional dependency /home/node/node_modules/esbuild-linux-32
75 silly reify mark deleted [ '/home/node/node_modules/esbuild-linux-32' ]
76 verbose reify failed optional dependency /home/node/node_modules/esbuild-freebsd-arm64
77 silly reify mark deleted [ '/home/node/node_modules/esbuild-freebsd-arm64' ]
78 verbose reify failed optional dependency /home/node/node_modules/esbuild-freebsd-64
79 silly reify mark deleted [ '/home/node/node_modules/esbuild-freebsd-64' ]
80 verbose reify failed optional dependency /home/node/node_modules/esbuild-darwin-arm64
81 silly reify mark deleted [ '/home/node/node_modules/esbuild-darwin-arm64' ]
82 verbose reify failed optional dependency /home/node/node_modules/esbuild-darwin-64
83 silly reify mark deleted [ '/home/node/node_modules/esbuild-darwin-64' ]
84 verbose reify failed optional dependency /home/node/node_modules/esbuild-android-arm64
85 silly reify mark deleted [ '/home/node/node_modules/esbuild-android-arm64' ]
86 verbose reify failed optional dependency /home/node/node_modules/esbuild-android-64
87 silly reify mark deleted [ '/home/node/node_modules/esbuild-android-64' ]
88 verbose reify failed optional dependency /home/node/node_modules/@esbuild/linux-loong64
89 silly reify mark deleted [ '/home/node/node_modules/@esbuild/linux-loong64' ]
90 verbose reify failed optional dependency /home/node/node_modules/@esbuild/android-arm
91 silly reify mark deleted [ '/home/node/node_modules/@esbuild/android-arm' ]
92 timing reifyNode:node_modules/fsevents Completed in 32ms
93 timing reifyNode:node_modules/esbuild-windows-arm64 Completed in 33ms
94 timing reifyNode:node_modules/esbuild-windows-64 Completed in 33ms
95 timing reifyNode:node_modules/esbuild-windows-32 Completed in 33ms
96 timing reifyNode:node_modules/esbuild-sunos-64 Completed in 34ms
97 timing reifyNode:node_modules/esbuild-openbsd-64 Completed in 34ms
98 timing reifyNode:node_modules/esbuild-netbsd-64 Completed in 34ms
99 timing reifyNode:node_modules/esbuild-linux-s390x Completed in 35ms
100 timing reifyNode:node_modules/esbuild-linux-riscv64 Completed in 35ms
101 timing reifyNode:node_modules/esbuild-linux-ppc64le Completed in 35ms
102 timing reifyNode:node_modules/esbuild-linux-mips64le Completed in 35ms
103 timing reifyNode:node_modules/esbuild-linux-arm Completed in 35ms
104 timing reifyNode:node_modules/esbuild-linux-64 Completed in 36ms
105 timing reifyNode:node_modules/esbuild-linux-32 Completed in 36ms
106 timing reifyNode:node_modules/esbuild-freebsd-arm64 Completed in 36ms
107 timing reifyNode:node_modules/esbuild-freebsd-64 Completed in 37ms
108 timing reifyNode:node_modules/esbuild-darwin-arm64 Completed in 37ms
109 timing reifyNode:node_modules/esbuild-darwin-64 Completed in 37ms
110 timing reifyNode:node_modules/esbuild-android-arm64 Completed in 38ms
111 timing reifyNode:node_modules/esbuild-android-64 Completed in 38ms
112 timing reifyNode:node_modules/@esbuild/linux-loong64 Completed in 38ms
113 timing reifyNode:node_modules/@esbuild/android-arm Completed in 39ms
114 silly tarball no local data for source-map-js@https://registry.npmjs.org/source-map-js/-/source-map-js-1.0.2.tgz. Extracting by manifest.
115 silly tarball no local data for resolve@https://registry.npmjs.org/resolve/-/resolve-1.22.1.tgz. Extracting by manifest.
116 silly tarball no local data for picocolors@https://registry.npmjs.org/picocolors/-/picocolors-1.0.0.tgz. Extracting by manifest.
117 silly tarball no local data for path-parse@https://registry.npmjs.org/path-parse/-/path-parse-1.0.7.tgz. Extracting by manifest.
118 silly tarball no local data for nanoid@https://registry.npmjs.org/nanoid/-/nanoid-3.3.4.tgz. Extracting by manifest.
119 silly tarball no local data for vite@https://registry.npmjs.org/vite/-/vite-3.1.3.tgz. Extracting by manifest.
120 silly tarball no local data for is-core-module@https://registry.npmjs.org/is-core-module/-/is-core-module-2.10.0.tgz. Extracting by manifest.
121 silly tarball no local data for function-bind@https://registry.npmjs.org/function-bind/-/function-bind-1.1.1.tgz. Extracting by manifest.
122 silly tarball no local data for has@https://registry.npmjs.org/has/-/has-1.0.3.tgz. Extracting by manifest.
123 silly tarball no local data for esbuild@https://registry.npmjs.org/esbuild/-/esbuild-0.15.9.tgz. Extracting by manifest.
124 silly tarball no local data for esbuild-linux-arm64@https://registry.npmjs.org/esbuild-linux-arm64/-/esbuild-linux-arm64-0.15.9.tgz. Extracting by manifest.
125 silly tarball no local data for rollup@https://registry.npmjs.org/rollup/-/rollup-2.78.1.tgz. Extracting by manifest.
126 silly tarball no local data for postcss@https://registry.npmjs.org/postcss/-/postcss-8.4.16.tgz. Extracting by manifest.
127 silly tarball no local data for supports-preserve-symlinks-flag@https://registry.npmjs.org/supports-preserve-symlinks-flag/-/supports-preserve-symlinks-flag-1.0.0.tgz. Extracting by manifest.
128 http fetch POST 200 https://registry.npmjs.org/-/npm/v1/security/advisories/bulk 440ms
129 timing auditReport:getReport Completed in 446ms
130 silly audit report {}
131 timing auditReport:init Completed in 0ms
132 timing reify:audit Completed in 448ms
133 http fetch GET 200 https://registry.npmjs.org/npm 748ms (cache miss)
134 http fetch GET 200 https://registry.npmjs.org/path-parse/-/path-parse-1.0.7.tgz 560ms (cache miss)
135 timing reifyNode:node_modules/path-parse Completed in 656ms
136 http fetch GET 200 https://registry.npmjs.org/picocolors/-/picocolors-1.0.0.tgz 580ms (cache miss)
137 timing reifyNode:node_modules/picocolors Completed in 672ms
138 http fetch GET 200 https://registry.npmjs.org/source-map-js/-/source-map-js-1.0.2.tgz 593ms (cache miss)
139 timing reifyNode:node_modules/source-map-js Completed in 678ms
140 http fetch GET 200 https://registry.npmjs.org/has/-/has-1.0.3.tgz 583ms (cache miss)
141 timing reifyNode:node_modules/has Completed in 700ms
142 http fetch GET 200 https://registry.npmjs.org/supports-preserve-symlinks-flag/-/supports-preserve-symlinks-flag-1.0.0.tgz 516ms (cache miss)
143 timing reifyNode:node_modules/supports-preserve-symlinks-flag Completed in 707ms
144 http fetch GET 200 https://registry.npmjs.org/is-core-module/-/is-core-module-2.10.0.tgz 607ms (cache miss)
145 timing reifyNode:node_modules/is-core-module Completed in 719ms
146 http fetch GET 200 https://registry.npmjs.org/function-bind/-/function-bind-1.1.1.tgz 613ms (cache miss)
147 timing reifyNode:node_modules/function-bind Completed in 728ms
148 http fetch GET 200 https://registry.npmjs.org/nanoid/-/nanoid-3.3.4.tgz 648ms (cache miss)
149 timing reifyNode:node_modules/nanoid Completed in 751ms
150 http fetch GET 200 https://registry.npmjs.org/esbuild/-/esbuild-0.15.9.tgz 652ms (cache miss)
151 timing reifyNode:node_modules/esbuild Completed in 777ms
152 http fetch GET 200 https://registry.npmjs.org/postcss/-/postcss-8.4.16.tgz 642ms (cache miss)
153 timing reifyNode:node_modules/postcss Completed in 834ms
154 http fetch GET 200 https://registry.npmjs.org/resolve/-/resolve-1.22.1.tgz 1050ms (cache miss)
155 timing reifyNode:node_modules/resolve Completed in 1137ms
156 http fetch GET 200 https://registry.npmjs.org/vite/-/vite-3.1.3.tgz 1152ms (cache miss)
157 timing reifyNode:node_modules/vite Completed in 1259ms
158 http fetch GET 200 https://registry.npmjs.org/rollup/-/rollup-2.78.1.tgz 1343ms (cache miss)
159 timing reifyNode:node_modules/rollup Completed in 1478ms
160 http fetch GET 200 https://registry.npmjs.org/esbuild-linux-arm64/-/esbuild-linux-arm64-0.15.9.tgz 1471ms (cache miss)
161 timing reifyNode:node_modules/esbuild-linux-arm64 Completed in 1597ms
162 timing reify:unpack Completed in 1601ms
163 timing reify:unretire Completed in 0ms
164 timing build:queue Completed in 8ms
165 timing build:link:node_modules/esbuild Completed in 22ms
166 timing build:link:node_modules/nanoid Completed in 22ms
167 timing build:link:node_modules/vite Completed in 23ms
168 timing build:link:node_modules/rollup Completed in 26ms
169 timing build:link:node_modules/resolve Completed in 28ms
170 timing build:link Completed in 28ms
171 info run esbuild@0.15.9 postinstall node_modules/esbuild node install.js
172 info run esbuild@0.15.9 postinstall { code: 0, signal: null }
173 timing build:run:postinstall:node_modules/esbuild Completed in 183ms
174 timing build:run:postinstall Completed in 185ms
175 timing build:deps Completed in 225ms
176 timing build Completed in 226ms
177 timing reify:build Completed in 228ms
178 timing reify:trash Completed in 11ms
179 timing reify:save Completed in 9ms
180 timing reify Completed in 2083ms
181 silly ADD node_modules/vite
182 silly ADD node_modules/supports-preserve-symlinks-flag
183 silly ADD node_modules/source-map-js
184 silly ADD node_modules/rollup
185 silly ADD node_modules/resolve
186 silly ADD node_modules/postcss
187 silly ADD node_modules/picocolors
188 silly ADD node_modules/path-parse
189 silly ADD node_modules/nanoid
190 silly ADD node_modules/is-core-module
191 silly ADD node_modules/has
192 silly ADD node_modules/function-bind
193 silly ADD
194 silly ADD
195 silly ADD
196 silly ADD
197 silly ADD
198 silly ADD
199 silly ADD
200 silly ADD
201 silly ADD
202 silly ADD
203 silly ADD
204 silly ADD node_modules/esbuild-linux-arm64
205 silly ADD
206 silly ADD
207 silly ADD
208 silly ADD
209 silly ADD
210 silly ADD
211 silly ADD
212 silly ADD
213 silly ADD
214 silly ADD node_modules/esbuild
215 silly ADD
216 silly ADD
217 timing command:install Completed in 2103ms
218 notice
218 notice New [31mmajor[39m version of npm available! [31m8.6.0[39m -> [32m9.5.1[39m
218 notice Changelog: [36mhttps://github.com/npm/cli/releases/tag/v9.5.1[39m
218 notice Run [32mnpm install -g npm@9.5.1[39m to update!
218 notice
219 verbose exit 0
220 timing npm Completed in 2185ms
221 info ok
